<?xml version="1.0" encoding="UTF-8"?>
<testsuites>
  <testsuite name="" tests="5" assertions="15" errors="0" warnings="0" failures="0" skipped="0" time="0.006234">
    <testsuite name="Test Suite" tests="5" assertions="15" errors="0" warnings="0" failures="0" skipped="0" time="0.006234">
      <testsuite name="Mysiar\ArrayValidator\Tests\ValidatorTest" file="/home/piotr/WORK/mysiar/array-validator/tests/ValidatorTest.php" tests="5" assertions="15" errors="0" warnings="0" failures="0" skipped="0" time="0.006234">
        <testcase name="testValidatingArray" class="Mysiar\ArrayValidator\Tests\ValidatorTest" classname="Mysiar.ArrayValidator.Tests.ValidatorTest" file="/home/piotr/WORK/mysiar/array-validator/tests/ValidatorTest.php" line="17" assertions="3" time="0.004641"/>
        <testcase name="testValidatingArrayElementsDate" class="Mysiar\ArrayValidator\Tests\ValidatorTest" classname="Mysiar.ArrayValidator.Tests.ValidatorTest" file="/home/piotr/WORK/mysiar/array-validator/tests/ValidatorTest.php" line="39" assertions="3" time="0.000524"/>
        <testcase name="testValidatingArrayElementsEmail" class="Mysiar\ArrayValidator\Tests\ValidatorTest" classname="Mysiar.ArrayValidator.Tests.ValidatorTest" file="/home/piotr/WORK/mysiar/array-validator/tests/ValidatorTest.php" line="53" assertions="3" time="0.000467"/>
        <testcase name="testValidatingArrayElementsNotBlank" class="Mysiar\ArrayValidator\Tests\ValidatorTest" classname="Mysiar.ArrayValidator.Tests.ValidatorTest" file="/home/piotr/WORK/mysiar/array-validator/tests/ValidatorTest.php" line="68" assertions="3" time="0.000269"/>
        <testcase name="testValidatingArrayElementsInArray" class="Mysiar\ArrayValidator\Tests\ValidatorTest" classname="Mysiar.ArrayValidator.Tests.ValidatorTest" file="/home/piotr/WORK/mysiar/array-validator/tests/ValidatorTest.php" line="84" assertions="3" time="0.000333"/>
      </testsuite>
    </testsuite>
  </testsuite>
</testsuites>
