<?xml version="1.0" encoding="UTF-8"?>
<testsuites>
  <testsuite name="" tests="5" assertions="15" errors="0" warnings="0" failures="0" skipped="0" time="0.005847">
    <testsuite name="Test Suite" tests="5" assertions="15" errors="0" warnings="0" failures="0" skipped="0" time="0.005847">
      <testsuite name="Mysiar\ArrayValidator\Tests\ValidatorTest" file="/home/piotr/WORK/mysiar/array-validator/tests/ValidatorTest.php" tests="5" assertions="15" errors="0" warnings="0" failures="0" skipped="0" time="0.005847">
        <testcase name="testValidatingArray" class="Mysiar\ArrayValidator\Tests\ValidatorTest" classname="Mysiar.ArrayValidator.Tests.ValidatorTest" file="/home/piotr/WORK/mysiar/array-validator/tests/ValidatorTest.php" line="17" assertions="3" time="0.004378"/>
        <testcase name="testValidatingArrayElementsDate" class="Mysiar\ArrayValidator\Tests\ValidatorTest" classname="Mysiar.ArrayValidator.Tests.ValidatorTest" file="/home/piotr/WORK/mysiar/array-validator/tests/ValidatorTest.php" line="39" assertions="3" time="0.000476"/>
        <testcase name="testValidatingArrayElementsEmail" class="Mysiar\ArrayValidator\Tests\ValidatorTest" classname="Mysiar.ArrayValidator.Tests.ValidatorTest" file="/home/piotr/WORK/mysiar/array-validator/tests/ValidatorTest.php" line="53" assertions="3" time="0.000440"/>
        <testcase name="testValidatingArrayElementsNotBlank" class="Mysiar\ArrayValidator\Tests\ValidatorTest" classname="Mysiar.ArrayValidator.Tests.ValidatorTest" file="/home/piotr/WORK/mysiar/array-validator/tests/ValidatorTest.php" line="68" assertions="3" time="0.000266"/>
        <testcase name="testValidatingArrayElementsInArray" class="Mysiar\ArrayValidator\Tests\ValidatorTest" classname="Mysiar.ArrayValidator.Tests.ValidatorTest" file="/home/piotr/WORK/mysiar/array-validator/tests/ValidatorTest.php" line="84" assertions="3" time="0.000287"/>
      </testsuite>
    </testsuite>
  </testsuite>
</testsuites>
